<?xml version="1.0" encoding="UTF-8"?>
<!-- Generated by org.testng.reporters.JUnitXMLReporter -->
<testsuite ignored="0" hostname="rivigo-Latitude-3490" failures="0" tests="4" name="Command line test" time="0.033" errors="0" timestamp="2022-01-25T13:37:53 IST">
  <testcase classname="package1.TestClass2" name="test3" time="0.003"/>
  <testcase classname="package1.TestClass2" name="test4" time="0.0"/>
  <testcase classname="package1.TestClass" name="test1" time="0.0"/>
  <testcase classname="package1.TestClass" name="test2" time="0.001"/>
</testsuite> <!-- Command line test -->
