<?xml version="1.0" encoding="UTF-8"?>
<testng-results ignored="0" total="4" passed="4" failed="0" skipped="0">
  <reporter-output>
  </reporter-output>
  <suite started-at="2022-01-25T13:37:53 IST" name="Command line suite" finished-at="2022-01-25T13:37:53 IST" duration-ms="33">
    <groups>
    </groups>
    <test started-at="2022-01-25T13:37:53 IST" name="Command line test" finished-at="2022-01-25T13:37:53 IST" duration-ms="33">
      <class name="package1.TestClass2">
        <test-method signature="test3()[pri:0, instance:package1.TestClass2@3dfc5fb8]" started-at="2022-01-25T13:37:53 IST" name="test3" finished-at="2022-01-25T13:37:53 IST" duration-ms="3" status="PASS">
          <reporter-output>
          </reporter-output>
        </test-method> <!-- test3 -->
        <test-method signature="test4()[pri:0, instance:package1.TestClass2@3dfc5fb8]" started-at="2022-01-25T13:37:53 IST" name="test4" finished-at="2022-01-25T13:37:53 IST" duration-ms="0" status="PASS">
          <reporter-output>
          </reporter-output>
        </test-method> <!-- test4 -->
      </class> <!-- package1.TestClass2 -->
      <class name="package1.TestClass">
        <test-method signature="test2()[pri:0, instance:package1.TestClass@51e2adc7]" started-at="2022-01-25T13:37:53 IST" name="test2" finished-at="2022-01-25T13:37:53 IST" duration-ms="1" status="PASS">
          <reporter-output>
          </reporter-output>
        </test-method> <!-- test2 -->
        <test-method signature="test1()[pri:0, instance:package1.TestClass@51e2adc7]" started-at="2022-01-25T13:37:53 IST" name="test1" finished-at="2022-01-25T13:37:53 IST" duration-ms="0" status="PASS">
          <reporter-output>
          </reporter-output>
        </test-method> <!-- test1 -->
      </class> <!-- package1.TestClass -->
    </test> <!-- Command line test -->
  </suite> <!-- Command line suite -->
</testng-results>
